+ ld obj/kern/kernel
+ mk obj/kern/kernel.img

(process:7315): GLib-WARNING **: /build/glib2.0-pjKWYQ/glib2.0-2.48.2/./glib/gmem.c:483: custom memory allocation vtable not supported

(process:7317): GLib-WARNING **: /build/glib2.0-pjKWYQ/glib2.0-2.48.2/./glib/gmem.c:483: custom memory allocation vtable not supported
6828 decimal is 15254 octal!
Physical memory: 66556K available, base = 640K, extended = 65532K
kern end pages:431
check_page_alloc() succeeded!
check_page() succeeded!
check_kern_pgdir() succeeded!
check_page_installed_pgdir() succeeded!
[00000000] new env 00001000
Incoming TRAP frame at 0xefffffbc
Incoming TRAP frame at 0xefffffbc
check va:f010000c, len:64, begin:f0100000, end:f0101000
[00001000] user_mem_check assertion failure for va f010000c
[00001000] free env 00001000
Destroyed the only environment - nothing more to do!
Welcome to the JOS kernel monitor!
Type 'help' for a list of commands.
qemu: terminating on signal 15 from pid 7240
